  [1m[35m (3.1ms)[0m  [1m[34mSELECT sqlite_version(*)[0m
  [1m[35m (1.8ms)[0m  [1m[35mCREATE TABLE "schema_migrations" ("version" varchar NOT NULL PRIMARY KEY)[0m
  [1m[35m (1.8ms)[0m  [1m[35mCREATE TABLE "ar_internal_metadata" ("key" varchar NOT NULL PRIMARY KEY, "value" varchar, "created_at" datetime(6) NOT NULL, "updated_at" datetime(6) NOT NULL)[0m
  [1m[35m (0.2ms)[0m  [1m[34mSELECT "schema_migrations"."version" FROM "schema_migrations" ORDER BY "schema_migrations"."version" ASC[0m
Migrating to CreateVolunteers (20210829134734)
  [1m[35m (0.4ms)[0m  [1m[34mSELECT sqlite_version(*)[0m
  [1m[35m (0.1ms)[0m  [1m[34mSELECT "schema_migrations"."version" FROM "schema_migrations" ORDER BY "schema_migrations"."version" ASC[0m
Migrating to CreateVolunteers (20210829134734)
  [1m[35m (0.6ms)[0m  [1m[34mSELECT sqlite_version(*)[0m
  [1m[35m (0.1ms)[0m  [1m[34mSELECT "schema_migrations"."version" FROM "schema_migrations" ORDER BY "schema_migrations"."version" ASC[0m
Migrating to CreateVolunteers (20210829135213)
  [1m[35m (1.0ms)[0m  [1m[34mSELECT sqlite_version(*)[0m
  [1m[35m (0.9ms)[0m  [1m[34mSELECT "schema_migrations"."version" FROM "schema_migrations" ORDER BY "schema_migrations"."version" ASC[0m
Migrating to CreateVolunteers (20210829135213)
  [1m[35m (0.9ms)[0m  [1m[34mSELECT sqlite_version(*)[0m
  [1m[35m (0.4ms)[0m  [1m[34mSELECT "schema_migrations"."version" FROM "schema_migrations" ORDER BY "schema_migrations"."version" ASC[0m
Migrating to CreateVolunteers (20210829135524)
  [1m[35m (0.5ms)[0m  [1m[34mSELECT sqlite_version(*)[0m
  [1m[35m (0.1ms)[0m  [1m[34mSELECT "schema_migrations"."version" FROM "schema_migrations" ORDER BY "schema_migrations"."version" ASC[0m
Migrating to CreateVolunteers (20210829135524)
  [1m[35m (0.8ms)[0m  [1m[34mSELECT sqlite_version(*)[0m
  [1m[35m (0.7ms)[0m  [1m[34mSELECT "schema_migrations"."version" FROM "schema_migrations" ORDER BY "schema_migrations"."version" ASC[0m
Migrating to CreateVolunteers (20210829135851)
  [1m[35m (39.3ms)[0m  [1m[34mSELECT sqlite_version(*)[0m
  [1m[35m (0.5ms)[0m  [1m[34mSELECT "schema_migrations"."version" FROM "schema_migrations" ORDER BY "schema_migrations"."version" ASC[0m
Migrating to CreateVolunteers (20210830182125)
  [1m[36mTRANSACTION (0.1ms)[0m  [1m[36mbegin transaction[0m
  [1m[35m (0.5ms)[0m  [1m[35mCREATE TABLE "volunteers" ("id" integer PRIMARY KEY AUTOINCREMENT NOT NULL, "first_name" varchar, "last_name" varchar, "phone_number" integer, "email_address" varchar, "password_digest" varchar, "is_admin" boolean, "created_at" datetime(6) NOT NULL, "updated_at" datetime(6) NOT NULL)[0m
  [1m[36mActiveRecord::SchemaMigration Create (0.5ms)[0m  [1m[32mINSERT INTO "schema_migrations" ("version") VALUES (?)[0m  [["version", "20210830182125"]]
  [1m[36mTRANSACTION (1.4ms)[0m  [1m[36mcommit transaction[0m
  [1m[36mActiveRecord::InternalMetadata Load (8.4ms)[0m  [1m[34mSELECT "ar_internal_metadata".* FROM "ar_internal_metadata" WHERE "ar_internal_metadata"."key" = ? LIMIT ?[0m  [["key", "environment"], ["LIMIT", 1]]
  [1m[36mTRANSACTION (0.1ms)[0m  [1m[36mbegin transaction[0m
  [1m[36mActiveRecord::InternalMetadata Create (0.7ms)[0m  [1m[32mINSERT INTO "ar_internal_metadata" ("key", "value", "created_at", "updated_at") VALUES (?, ?, ?, ?)[0m  [["key", "environment"], ["value", "development"], ["created_at", "2021-08-30 18:22:00.068039"], ["updated_at", "2021-08-30 18:22:00.068039"]]
  [1m[36mTRANSACTION (1.4ms)[0m  [1m[36mcommit transaction[0m
  [1m[35m (0.1ms)[0m  [1m[34mSELECT sqlite_version(*)[0m
  [1m[35m (0.1ms)[0m  [1m[34mSELECT "schema_migrations"."version" FROM "schema_migrations" ORDER BY "schema_migrations"."version" ASC[0m
  [1m[35m (1.0ms)[0m  [1m[34mSELECT sqlite_version(*)[0m
  [1m[35m (0.1ms)[0m  [1m[34mSELECT "schema_migrations"."version" FROM "schema_migrations" ORDER BY "schema_migrations"."version" ASC[0m
  [1m[36mActiveRecord::InternalMetadata Load (0.2ms)[0m  [1m[34mSELECT "ar_internal_metadata".* FROM "ar_internal_metadata" WHERE "ar_internal_metadata"."key" = ? LIMIT ?[0m  [["key", "environment"], ["LIMIT", 1]]
  [1m[35m (0.0ms)[0m  [1m[34mSELECT sqlite_version(*)[0m
  [1m[35m (0.1ms)[0m  [1m[34mSELECT "schema_migrations"."version" FROM "schema_migrations" ORDER BY "schema_migrations"."version" ASC[0m
  [1m[35m (0.6ms)[0m  [1m[34mSELECT sqlite_version(*)[0m
  [1m[35m (0.2ms)[0m  [1m[34mSELECT "schema_migrations"."version" FROM "schema_migrations" ORDER BY "schema_migrations"."version" ASC[0m
  [1m[36mActiveRecord::InternalMetadata Load (0.1ms)[0m  [1m[34mSELECT "ar_internal_metadata".* FROM "ar_internal_metadata" WHERE "ar_internal_metadata"."key" = ? LIMIT ?[0m  [["key", "environment"], ["LIMIT", 1]]
  [1m[35m (0.0ms)[0m  [1m[34mSELECT sqlite_version(*)[0m
  [1m[35m (0.1ms)[0m  [1m[34mSELECT "schema_migrations"."version" FROM "schema_migrations" ORDER BY "schema_migrations"."version" ASC[0m
  [1m[35m (1.2ms)[0m  [1m[34mSELECT sqlite_version(*)[0m
  [1m[35m (0.9ms)[0m  [1m[34mSELECT "schema_migrations"."version" FROM "schema_migrations" ORDER BY "schema_migrations"."version" ASC[0m
Migrating to CreateLocations (20210830182848)
  [1m[36mTRANSACTION (0.1ms)[0m  [1m[36mbegin transaction[0m
  [1m[35m (0.5ms)[0m  [1m[35mCREATE TABLE "locations" ("id" integer PRIMARY KEY AUTOINCREMENT NOT NULL, "address" varchar, "access_code" varchar, "location_instructions" varchar, "is_start_location" boolean, "created_at" datetime(6) NOT NULL, "updated_at" datetime(6) NOT NULL)[0m
  [1m[36mActiveRecord::SchemaMigration Create (1.0ms)[0m  [1m[32mINSERT INTO "schema_migrations" ("version") VALUES (?)[0m  [["version", "20210830182848"]]
  [1m[36mTRANSACTION (1.8ms)[0m  [1m[36mcommit transaction[0m
  [1m[36mActiveRecord::InternalMetadata Load (13.3ms)[0m  [1m[34mSELECT "ar_internal_metadata".* FROM "ar_internal_metadata" WHERE "ar_internal_metadata"."key" = ? LIMIT ?[0m  [["key", "environment"], ["LIMIT", 1]]
  [1m[35m (0.1ms)[0m  [1m[34mSELECT sqlite_version(*)[0m
  [1m[35m (0.1ms)[0m  [1m[34mSELECT "schema_migrations"."version" FROM "schema_migrations" ORDER BY "schema_migrations"."version" ASC[0m
  [1m[35m (0.4ms)[0m  [1m[34mSELECT sqlite_version(*)[0m
  [1m[35m (0.1ms)[0m  [1m[34mSELECT "schema_migrations"."version" FROM "schema_migrations" ORDER BY "schema_migrations"."version" ASC[0m
Migrating to CreateShifts (20210830182951)
  [1m[35m (0.9ms)[0m  [1m[34mSELECT sqlite_version(*)[0m
  [1m[35m (0.4ms)[0m  [1m[34mSELECT "schema_migrations"."version" FROM "schema_migrations" ORDER BY "schema_migrations"."version" ASC[0m
  [1m[36mActiveRecord::InternalMetadata Load (1.0ms)[0m  [1m[34mSELECT "ar_internal_metadata".* FROM "ar_internal_metadata" WHERE "ar_internal_metadata"."key" = ? LIMIT ?[0m  [["key", "environment"], ["LIMIT", 1]]
  [1m[35m (0.0ms)[0m  [1m[34mSELECT sqlite_version(*)[0m
  [1m[35m (0.1ms)[0m  [1m[34mSELECT "schema_migrations"."version" FROM "schema_migrations" ORDER BY "schema_migrations"."version" ASC[0m
  [1m[35m (0.4ms)[0m  [1m[34mSELECT sqlite_version(*)[0m
  [1m[35m (0.1ms)[0m  [1m[34mSELECT "schema_migrations"."version" FROM "schema_migrations" ORDER BY "schema_migrations"."version" ASC[0m
Migrating to CreateShifts (20210906165439)
  [1m[36mTRANSACTION (0.1ms)[0m  [1m[36mbegin transaction[0m
  [1m[35m (0.5ms)[0m  [1m[35mCREATE TABLE "shifts" ("id" integer PRIMARY KEY AUTOINCREMENT NOT NULL, "starts_at_time" datetime, "shift_instructions" varchar, "taken" boolean, "shift_type" varchar, "enum" varchar, "created_at" datetime(6) NOT NULL, "updated_at" datetime(6) NOT NULL)[0m
  [1m[36mActiveRecord::SchemaMigration Create (497.6ms)[0m  [1m[32mINSERT INTO "schema_migrations" ("version") VALUES (?)[0m  [["version", "20210906165439"]]
  [1m[36mTRANSACTION (215.0ms)[0m  [1m[36mcommit transaction[0m
Migrating to ShiftForeignKeys (20210906165553)
  [1m[36mTRANSACTION (0.1ms)[0m  [1m[36mbegin transaction[0m
  [1m[35m (0.0ms)[0m  [1m[35mPRAGMA foreign_keys[0m
  [1m[35m (0.0ms)[0m  [1m[35mPRAGMA defer_foreign_keys[0m
  [1m[35m (0.0ms)[0m  [1m[35mPRAGMA defer_foreign_keys = ON[0m
  [1m[35m (0.0ms)[0m  [1m[35mPRAGMA foreign_keys = OFF[0m
  [1m[35m (0.0ms)[0m  [1m[35mPRAGMA defer_foreign_keys = 0[0m
  [1m[35m (0.0ms)[0m  [1m[35mPRAGMA foreign_keys = 1[0m
  [1m[36mTRANSACTION (0.0ms)[0m  [1m[31mrollback transaction[0m
  [1m[35m (0.5ms)[0m  [1m[34mSELECT sqlite_version(*)[0m
  [1m[35m (0.3ms)[0m  [1m[34mSELECT "schema_migrations"."version" FROM "schema_migrations" ORDER BY "schema_migrations"."version" ASC[0m
Migrating to ShiftForeignKeys (20210906165553)
  [1m[36mTRANSACTION (0.1ms)[0m  [1m[36mbegin transaction[0m
  [1m[35m (0.0ms)[0m  [1m[35mPRAGMA foreign_keys[0m
  [1m[35m (0.0ms)[0m  [1m[35mPRAGMA defer_foreign_keys[0m
  [1m[35m (0.1ms)[0m  [1m[35mPRAGMA defer_foreign_keys = ON[0m
  [1m[35m (0.0ms)[0m  [1m[35mPRAGMA foreign_keys = OFF[0m
  [1m[35m (0.0ms)[0m  [1m[35mPRAGMA defer_foreign_keys = 0[0m
  [1m[35m (0.0ms)[0m  [1m[35mPRAGMA foreign_keys = 1[0m
  [1m[36mTRANSACTION (0.0ms)[0m  [1m[31mrollback transaction[0m
  [1m[35m (0.4ms)[0m  [1m[34mSELECT sqlite_version(*)[0m
  [1m[35m (0.1ms)[0m  [1m[34mSELECT "schema_migrations"."version" FROM "schema_migrations" ORDER BY "schema_migrations"."version" ASC[0m
Migrating to ShiftForeignKeys (20210906165553)
  [1m[36mTRANSACTION (0.0ms)[0m  [1m[36mbegin transaction[0m
  [1m[35m (0.0ms)[0m  [1m[35mPRAGMA foreign_keys[0m
  [1m[35m (0.0ms)[0m  [1m[35mPRAGMA defer_foreign_keys[0m
  [1m[35m (0.0ms)[0m  [1m[35mPRAGMA defer_foreign_keys = ON[0m
  [1m[35m (0.0ms)[0m  [1m[35mPRAGMA foreign_keys = OFF[0m
  [1m[35m (0.0ms)[0m  [1m[35mPRAGMA defer_foreign_keys = 0[0m
  [1m[35m (0.0ms)[0m  [1m[35mPRAGMA foreign_keys = 1[0m
  [1m[36mTRANSACTION (0.0ms)[0m  [1m[31mrollback transaction[0m
  [1m[35m (0.4ms)[0m  [1m[34mSELECT sqlite_version(*)[0m
  [1m[35m (0.1ms)[0m  [1m[34mSELECT "schema_migrations"."version" FROM "schema_migrations" ORDER BY "schema_migrations"."version" ASC[0m
Migrating to ShiftForeignKeys (20210906165553)
  [1m[36mTRANSACTION (0.0ms)[0m  [1m[36mbegin transaction[0m
  [1m[35m (0.0ms)[0m  [1m[35mPRAGMA foreign_keys[0m
  [1m[35m (0.0ms)[0m  [1m[35mPRAGMA defer_foreign_keys[0m
  [1m[35m (0.0ms)[0m  [1m[35mPRAGMA defer_foreign_keys = ON[0m
  [1m[35m (0.0ms)[0m  [1m[35mPRAGMA foreign_keys = OFF[0m
  [1m[35m (0.2ms)[0m  [1m[35mCREATE TEMPORARY TABLE "ashifts" ("id" integer NOT NULL PRIMARY KEY, "starts_at_time" datetime DEFAULT NULL, "shift_instructions" varchar DEFAULT NULL, "taken" boolean DEFAULT NULL, "shift_type" varchar DEFAULT NULL, "enum" varchar DEFAULT NULL, "created_at" datetime(6) NOT NULL, "updated_at" datetime(6) NOT NULL)[0m
  [1m[35m (0.1ms)[0m  [1m[32mINSERT INTO "ashifts" ("id","starts_at_time","shift_instructions","taken","shift_type","enum","created_at","updated_at")
                     SELECT "id","starts_at_time","shift_instructions","taken","shift_type","enum","created_at","updated_at" FROM "shifts"[0m
  [1m[35m (0.4ms)[0m  [1m[35mDROP TABLE "shifts"[0m
  [1m[35m (0.3ms)[0m  [1m[35mCREATE TABLE "shifts" ("id" integer NOT NULL PRIMARY KEY, "starts_at_time" datetime DEFAULT NULL, "shift_instructions" varchar DEFAULT NULL, "taken" boolean DEFAULT NULL, "shift_type" varchar DEFAULT NULL, "enum" varchar DEFAULT NULL, "created_at" datetime(6) NOT NULL, "updated_at" datetime(6) NOT NULL, CONSTRAINT "fk_rails_34dd1f643e"
FOREIGN KEY ("starts_at")
  REFERENCES "locations" ("id")
)[0m
  [1m[35m (0.0ms)[0m  [1m[35mPRAGMA defer_foreign_keys = 0[0m
  [1m[35m (0.0ms)[0m  [1m[35mPRAGMA foreign_keys = 1[0m
  [1m[36mTRANSACTION (0.7ms)[0m  [1m[31mrollback transaction[0m
  [1m[35m (0.5ms)[0m  [1m[34mSELECT sqlite_version(*)[0m
  [1m[35m (0.1ms)[0m  [1m[34mSELECT "schema_migrations"."version" FROM "schema_migrations" ORDER BY "schema_migrations"."version" ASC[0m
Migrating to ShiftForeignKeys (20210906165553)
  [1m[36mTRANSACTION (0.1ms)[0m  [1m[36mbegin transaction[0m
  [1m[35m (0.0ms)[0m  [1m[35mPRAGMA foreign_keys[0m
  [1m[35m (0.1ms)[0m  [1m[35mPRAGMA defer_foreign_keys[0m
  [1m[35m (0.0ms)[0m  [1m[35mPRAGMA defer_foreign_keys = ON[0m
  [1m[35m (0.0ms)[0m  [1m[35mPRAGMA foreign_keys = OFF[0m
  [1m[35m (0.2ms)[0m  [1m[35mCREATE TEMPORARY TABLE "ashifts" ("id" integer NOT NULL PRIMARY KEY, "starts_at_time" datetime DEFAULT NULL, "shift_instructions" varchar DEFAULT NULL, "taken" boolean DEFAULT NULL, "shift_type" varchar DEFAULT NULL, "enum" varchar DEFAULT NULL, "created_at" datetime(6) NOT NULL, "updated_at" datetime(6) NOT NULL)[0m
  [1m[35m (0.1ms)[0m  [1m[32mINSERT INTO "ashifts" ("id","starts_at_time","shift_instructions","taken","shift_type","enum","created_at","updated_at")
                     SELECT "id","starts_at_time","shift_instructions","taken","shift_type","enum","created_at","updated_at" FROM "shifts"[0m
  [1m[35m (0.3ms)[0m  [1m[35mDROP TABLE "shifts"[0m
  [1m[35m (0.2ms)[0m  [1m[35mCREATE TABLE "shifts" ("id" integer NOT NULL PRIMARY KEY, "starts_at_time" datetime DEFAULT NULL, "shift_instructions" varchar DEFAULT NULL, "taken" boolean DEFAULT NULL, "shift_type" varchar DEFAULT NULL, "enum" varchar DEFAULT NULL, "created_at" datetime(6) NOT NULL, "updated_at" datetime(6) NOT NULL, CONSTRAINT "fk_rails_8e51ec4e5a"
FOREIGN KEY ("location_id")
  REFERENCES "locations" ("id")
)[0m
  [1m[35m (0.0ms)[0m  [1m[35mPRAGMA defer_foreign_keys = 0[0m
  [1m[35m (0.0ms)[0m  [1m[35mPRAGMA foreign_keys = 1[0m
  [1m[36mTRANSACTION (0.6ms)[0m  [1m[31mrollback transaction[0m
  [1m[35m (0.4ms)[0m  [1m[34mSELECT sqlite_version(*)[0m
  [1m[35m (0.1ms)[0m  [1m[34mSELECT "schema_migrations"."version" FROM "schema_migrations" ORDER BY "schema_migrations"."version" ASC[0m
Migrating to ShiftForeignKeys (20210906165553)
  [1m[36mTRANSACTION (0.1ms)[0m  [1m[36mbegin transaction[0m
  [1m[35m (0.0ms)[0m  [1m[35mPRAGMA foreign_keys[0m
  [1m[35m (0.0ms)[0m  [1m[35mPRAGMA defer_foreign_keys[0m
  [1m[35m (0.0ms)[0m  [1m[35mPRAGMA defer_foreign_keys = ON[0m
  [1m[35m (0.0ms)[0m  [1m[35mPRAGMA foreign_keys = OFF[0m
  [1m[35m (0.2ms)[0m  [1m[35mCREATE TEMPORARY TABLE "ashifts" ("id" integer NOT NULL PRIMARY KEY, "starts_at_time" datetime DEFAULT NULL, "shift_instructions" varchar DEFAULT NULL, "taken" boolean DEFAULT NULL, "shift_type" varchar DEFAULT NULL, "enum" varchar DEFAULT NULL, "created_at" datetime(6) NOT NULL, "updated_at" datetime(6) NOT NULL)[0m
  [1m[35m (0.1ms)[0m  [1m[32mINSERT INTO "ashifts" ("id","starts_at_time","shift_instructions","taken","shift_type","enum","created_at","updated_at")
                     SELECT "id","starts_at_time","shift_instructions","taken","shift_type","enum","created_at","updated_at" FROM "shifts"[0m
  [1m[35m (0.4ms)[0m  [1m[35mDROP TABLE "shifts"[0m
  [1m[35m (0.2ms)[0m  [1m[35mCREATE TABLE "shifts" ("id" integer NOT NULL PRIMARY KEY, "starts_at_time" datetime DEFAULT NULL, "shift_instructions" varchar DEFAULT NULL, "taken" boolean DEFAULT NULL, "shift_type" varchar DEFAULT NULL, "enum" varchar DEFAULT NULL, "created_at" datetime(6) NOT NULL, "updated_at" datetime(6) NOT NULL, CONSTRAINT "fk_rails_8e51ec4e5a"
FOREIGN KEY ("location_id")
  REFERENCES "locations" ("id")
)[0m
  [1m[35m (0.0ms)[0m  [1m[35mPRAGMA defer_foreign_keys = 0[0m
  [1m[35m (0.0ms)[0m  [1m[35mPRAGMA foreign_keys = 1[0m
  [1m[36mTRANSACTION (59.3ms)[0m  [1m[31mrollback transaction[0m
  [1m[35m (0.6ms)[0m  [1m[34mSELECT sqlite_version(*)[0m
  [1m[35m (0.1ms)[0m  [1m[34mSELECT "schema_migrations"."version" FROM "schema_migrations" ORDER BY "schema_migrations"."version" ASC[0m
  [1m[36mActiveRecord::InternalMetadata Load (0.1ms)[0m  [1m[34mSELECT "ar_internal_metadata".* FROM "ar_internal_metadata" WHERE "ar_internal_metadata"."key" = ? LIMIT ?[0m  [["key", "environment"], ["LIMIT", 1]]
  [1m[35m (0.0ms)[0m  [1m[34mSELECT sqlite_version(*)[0m
  [1m[35m (0.1ms)[0m  [1m[34mSELECT "schema_migrations"."version" FROM "schema_migrations" ORDER BY "schema_migrations"."version" ASC[0m
  [1m[35m (0.5ms)[0m  [1m[34mSELECT sqlite_version(*)[0m
  [1m[35m (0.1ms)[0m  [1m[34mSELECT "schema_migrations"."version" FROM "schema_migrations" ORDER BY "schema_migrations"."version" ASC[0m
  [1m[36mActiveRecord::InternalMetadata Load (0.1ms)[0m  [1m[34mSELECT "ar_internal_metadata".* FROM "ar_internal_metadata" WHERE "ar_internal_metadata"."key" = ? LIMIT ?[0m  [["key", "environment"], ["LIMIT", 1]]
  [1m[35m (0.0ms)[0m  [1m[34mSELECT sqlite_version(*)[0m
  [1m[35m (0.1ms)[0m  [1m[34mSELECT "schema_migrations"."version" FROM "schema_migrations" ORDER BY "schema_migrations"."version" ASC[0m
  [1m[35m (0.4ms)[0m  [1m[34mSELECT sqlite_version(*)[0m
  [1m[35m (0.1ms)[0m  [1m[34mSELECT "schema_migrations"."version" FROM "schema_migrations" ORDER BY "schema_migrations"."version" ASC[0m
  [1m[36mActiveRecord::InternalMetadata Load (0.1ms)[0m  [1m[34mSELECT "ar_internal_metadata".* FROM "ar_internal_metadata" WHERE "ar_internal_metadata"."key" = ? LIMIT ?[0m  [["key", "environment"], ["LIMIT", 1]]
  [1m[35m (0.0ms)[0m  [1m[34mSELECT sqlite_version(*)[0m
  [1m[35m (0.1ms)[0m  [1m[34mSELECT "schema_migrations"."version" FROM "schema_migrations" ORDER BY "schema_migrations"."version" ASC[0m
  [1m[35m (0.4ms)[0m  [1m[34mSELECT sqlite_version(*)[0m
  [1m[35m (0.1ms)[0m  [1m[34mSELECT "schema_migrations"."version" FROM "schema_migrations" ORDER BY "schema_migrations"."version" ASC[0m
Migrating to ShiftForeignKeys (20210906171134)
  [1m[36mTRANSACTION (0.1ms)[0m  [1m[36mbegin transaction[0m
  [1m[35m (0.6ms)[0m  [1m[35mALTER TABLE "shifts" ADD "starts_at" integer[0m
  [1m[35m (0.0ms)[0m  [1m[35mPRAGMA foreign_keys[0m
  [1m[35m (0.0ms)[0m  [1m[35mPRAGMA defer_foreign_keys[0m
  [1m[35m (0.0ms)[0m  [1m[35mPRAGMA defer_foreign_keys = ON[0m
  [1m[35m (0.0ms)[0m  [1m[35mPRAGMA foreign_keys = OFF[0m
  [1m[35m (0.1ms)[0m  [1m[35mCREATE TEMPORARY TABLE "ashifts" ("id" integer NOT NULL PRIMARY KEY, "starts_at_time" datetime DEFAULT NULL, "shift_instructions" varchar DEFAULT NULL, "taken" boolean DEFAULT NULL, "shift_type" varchar DEFAULT NULL, "enum" varchar DEFAULT NULL, "created_at" datetime(6) NOT NULL, "updated_at" datetime(6) NOT NULL, "starts_at" integer DEFAULT NULL)[0m
  [1m[35m (0.1ms)[0m  [1m[32mINSERT INTO "ashifts" ("id","starts_at_time","shift_instructions","taken","shift_type","enum","created_at","updated_at","starts_at")
                     SELECT "id","starts_at_time","shift_instructions","taken","shift_type","enum","created_at","updated_at","starts_at" FROM "shifts"[0m
  [1m[35m (0.1ms)[0m  [1m[35mDROP TABLE "shifts"[0m
  [1m[35m (0.2ms)[0m  [1m[35mCREATE TABLE "shifts" ("id" integer NOT NULL PRIMARY KEY, "starts_at_time" datetime DEFAULT NULL, "shift_instructions" varchar DEFAULT NULL, "taken" boolean DEFAULT NULL, "shift_type" varchar DEFAULT NULL, "enum" varchar DEFAULT NULL, "created_at" datetime(6) NOT NULL, "updated_at" datetime(6) NOT NULL, "starts_at" integer DEFAULT NULL, CONSTRAINT "fk_rails_8e51ec4e5a"
FOREIGN KEY ("location_id")
  REFERENCES "locations" ("id")
)[0m
  [1m[35m (0.0ms)[0m  [1m[35mPRAGMA defer_foreign_keys = 0[0m
  [1m[35m (0.0ms)[0m  [1m[35mPRAGMA foreign_keys = 1[0m
  [1m[36mTRANSACTION (182.4ms)[0m  [1m[31mrollback transaction[0m
  [1m[35m (0.4ms)[0m  [1m[34mSELECT sqlite_version(*)[0m
  [1m[35m (0.3ms)[0m  [1m[34mSELECT "schema_migrations"."version" FROM "schema_migrations" ORDER BY "schema_migrations"."version" ASC[0m
Migrating to ShiftForeignKeys (20210906171134)
  [1m[36mTRANSACTION (0.0ms)[0m  [1m[36mbegin transaction[0m
  [1m[35m (0.5ms)[0m  [1m[35mALTER TABLE "shifts" ADD "starts_at" integer[0m
  [1m[35m (0.0ms)[0m  [1m[35mPRAGMA foreign_keys[0m
  [1m[35m (0.0ms)[0m  [1m[35mPRAGMA defer_foreign_keys[0m
  [1m[35m (0.0ms)[0m  [1m[35mPRAGMA defer_foreign_keys = ON[0m
  [1m[35m (0.0ms)[0m  [1m[35mPRAGMA foreign_keys = OFF[0m
  [1m[35m (0.1ms)[0m  [1m[35mCREATE TEMPORARY TABLE "ashifts" ("id" integer NOT NULL PRIMARY KEY, "starts_at_time" datetime DEFAULT NULL, "shift_instructions" varchar DEFAULT NULL, "taken" boolean DEFAULT NULL, "shift_type" varchar DEFAULT NULL, "enum" varchar DEFAULT NULL, "created_at" datetime(6) NOT NULL, "updated_at" datetime(6) NOT NULL, "starts_at" integer DEFAULT NULL)[0m
  [1m[35m (0.1ms)[0m  [1m[32mINSERT INTO "ashifts" ("id","starts_at_time","shift_instructions","taken","shift_type","enum","created_at","updated_at","starts_at")
                     SELECT "id","starts_at_time","shift_instructions","taken","shift_type","enum","created_at","updated_at","starts_at" FROM "shifts"[0m
  [1m[35m (0.1ms)[0m  [1m[35mDROP TABLE "shifts"[0m
  [1m[35m (0.2ms)[0m  [1m[35mCREATE TABLE "shifts" ("id" integer NOT NULL PRIMARY KEY, "starts_at_time" datetime DEFAULT NULL, "shift_instructions" varchar DEFAULT NULL, "taken" boolean DEFAULT NULL, "shift_type" varchar DEFAULT NULL, "enum" varchar DEFAULT NULL, "created_at" datetime(6) NOT NULL, "updated_at" datetime(6) NOT NULL, "starts_at" integer DEFAULT NULL, CONSTRAINT "fk_rails_8e51ec4e5a"
FOREIGN KEY ("location_id")
  REFERENCES "locations" ("id")
)[0m
  [1m[35m (0.0ms)[0m  [1m[35mPRAGMA defer_foreign_keys = 0[0m
  [1m[35m (0.0ms)[0m  [1m[35mPRAGMA foreign_keys = 1[0m
  [1m[36mTRANSACTION (0.7ms)[0m  [1m[31mrollback transaction[0m
  [1m[35m (0.5ms)[0m  [1m[34mSELECT sqlite_version(*)[0m
  [1m[35m (0.1ms)[0m  [1m[34mSELECT "schema_migrations"."version" FROM "schema_migrations" ORDER BY "schema_migrations"."version" ASC[0m
Migrating to AdPk (20210906171710)
  [1m[36mTRANSACTION (0.1ms)[0m  [1m[36mbegin transaction[0m
  [1m[35m (0.0ms)[0m  [1m[35mPRAGMA foreign_keys[0m
  [1m[35m (0.0ms)[0m  [1m[35mPRAGMA defer_foreign_keys[0m
  [1m[35m (0.0ms)[0m  [1m[35mPRAGMA defer_foreign_keys = ON[0m
  [1m[35m (0.0ms)[0m  [1m[35mPRAGMA foreign_keys = OFF[0m
  [1m[35m (0.2ms)[0m  [1m[35mCREATE TEMPORARY TABLE "alocations" ("id" integer NOT NULL PRIMARY KEY, "address" varchar DEFAULT NULL, "access_code" varchar DEFAULT NULL, "location_instructions" varchar DEFAULT NULL, "is_start_location" boolean DEFAULT NULL, "created_at" datetime(6) NOT NULL, "updated_at" datetime(6) NOT NULL)[0m
  [1m[35m (0.1ms)[0m  [1m[32mINSERT INTO "alocations" ("id","address","access_code","location_instructions","is_start_location","created_at","updated_at")
                     SELECT "id","address","access_code","location_instructions","is_start_location","created_at","updated_at" FROM "locations"[0m
  [1m[35m (0.3ms)[0m  [1m[35mDROP TABLE "locations"[0m
  [1m[35m (0.2ms)[0m  [1m[35mCREATE TABLE "locations" ("id" integer NOT NULL PRIMARY KEY, "address" varchar DEFAULT NULL, "access_code" varchar DEFAULT NULL, "location_instructions" varchar DEFAULT NULL, "is_start_location" boolean DEFAULT NULL, "created_at" datetime(6) NOT NULL, "updated_at" datetime(6) NOT NULL, "location_id" integer PRIMARY KEY AUTOINCREMENT NOT NULL)[0m
  [1m[35m (0.0ms)[0m  [1m[35mPRAGMA defer_foreign_keys = 0[0m
  [1m[35m (0.0ms)[0m  [1m[35mPRAGMA foreign_keys = 1[0m
  [1m[36mTRANSACTION (0.7ms)[0m  [1m[31mrollback transaction[0m
  [1m[35m (0.6ms)[0m  [1m[34mSELECT sqlite_version(*)[0m
  [1m[35m (0.1ms)[0m  [1m[34mSELECT "schema_migrations"."version" FROM "schema_migrations" ORDER BY "schema_migrations"."version" ASC[0m
Migrating to InitMigrate (20210906172140)
  [1m[36mTRANSACTION (0.1ms)[0m  [1m[36mbegin transaction[0m
  [1m[36mActiveRecord::SchemaMigration Create (0.4ms)[0m  [1m[32mINSERT INTO "schema_migrations" ("version") VALUES (?)[0m  [["version", "20210906172140"]]
  [1m[36mTRANSACTION (1.6ms)[0m  [1m[36mcommit transaction[0m
  [1m[36mActiveRecord::InternalMetadata Load (0.1ms)[0m  [1m[34mSELECT "ar_internal_metadata".* FROM "ar_internal_metadata" WHERE "ar_internal_metadata"."key" = ? LIMIT ?[0m  [["key", "environment"], ["LIMIT", 1]]
  [1m[35m (0.1ms)[0m  [1m[34mSELECT sqlite_version(*)[0m
  [1m[35m (0.1ms)[0m  [1m[34mSELECT "schema_migrations"."version" FROM "schema_migrations" ORDER BY "schema_migrations"."version" ASC[0m
  [1m[35m (0.4ms)[0m  [1m[34mSELECT sqlite_version(*)[0m
  [1m[35m (0.1ms)[0m  [1m[34mSELECT "schema_migrations"."version" FROM "schema_migrations" ORDER BY "schema_migrations"."version" ASC[0m
  [1m[36mActiveRecord::InternalMetadata Load (0.1ms)[0m  [1m[34mSELECT "ar_internal_metadata".* FROM "ar_internal_metadata" WHERE "ar_internal_metadata"."key" = ? LIMIT ?[0m  [["key", "environment"], ["LIMIT", 1]]
  [1m[35m (0.1ms)[0m  [1m[34mSELECT sqlite_version(*)[0m
  [1m[35m (0.3ms)[0m  [1m[34mSELECT "schema_migrations"."version" FROM "schema_migrations" ORDER BY "schema_migrations"."version" ASC[0m
  [1m[35m (0.6ms)[0m  [1m[34mSELECT sqlite_version(*)[0m
  [1m[35m (0.1ms)[0m  [1m[34mSELECT "schema_migrations"."version" FROM "schema_migrations" ORDER BY "schema_migrations"."version" ASC[0m
  [1m[35m (0.5ms)[0m  [1m[34mSELECT sqlite_version(*)[0m
  [1m[35m (0.1ms)[0m  [1m[34mSELECT "schema_migrations"."version" FROM "schema_migrations" ORDER BY "schema_migrations"."version" ASC[0m
  [1m[36mActiveRecord::InternalMetadata Load (0.2ms)[0m  [1m[34mSELECT "ar_internal_metadata".* FROM "ar_internal_metadata" WHERE "ar_internal_metadata"."key" = ? LIMIT ?[0m  [["key", "environment"], ["LIMIT", 1]]
  [1m[35m (0.0ms)[0m  [1m[34mSELECT sqlite_version(*)[0m
  [1m[35m (0.1ms)[0m  [1m[34mSELECT "schema_migrations"."version" FROM "schema_migrations" ORDER BY "schema_migrations"."version" ASC[0m
  [1m[35m (0.5ms)[0m  [1m[34mSELECT sqlite_version(*)[0m
  [1m[35m (0.1ms)[0m  [1m[34mSELECT "schema_migrations"."version" FROM "schema_migrations" ORDER BY "schema_migrations"."version" ASC[0m
  [1m[35m (0.4ms)[0m  [1m[34mSELECT sqlite_version(*)[0m
  [1m[35m (0.0ms)[0m  [1m[34mSELECT sqlite_version(*)[0m
  [1m[35m (0.1ms)[0m  [1m[34mSELECT "schema_migrations"."version" FROM "schema_migrations" ORDER BY "schema_migrations"."version" ASC[0m
  [1m[35m (0.1ms)[0m  [1m[34mSELECT "ar_internal_metadata"."value" FROM "ar_internal_metadata" WHERE "ar_internal_metadata"."key" = ?[0m  [["key", "environment"]]
  [1m[35m (0.1ms)[0m  [1m[34mSELECT "schema_migrations"."version" FROM "schema_migrations" ORDER BY "schema_migrations"."version" ASC[0m
  [1m[35m (0.1ms)[0m  [1m[34mSELECT "ar_internal_metadata"."value" FROM "ar_internal_metadata" WHERE "ar_internal_metadata"."key" = ?[0m  [["key", "environment"]]
  [1m[35m (0.1ms)[0m  [1m[34mSELECT "schema_migrations"."version" FROM "schema_migrations" ORDER BY "schema_migrations"."version" ASC[0m
  [1m[35m (0.1ms)[0m  [1m[34mSELECT "ar_internal_metadata"."value" FROM "ar_internal_metadata" WHERE "ar_internal_metadata"."key" = ?[0m  [["key", "environment"]]
  [1m[35m (0.1ms)[0m  [1m[34mSELECT sqlite_version(*)[0m
  [1m[35m (1.8ms)[0m  [1m[35mDROP TABLE IF EXISTS "locations"[0m
  [1m[35m (1.8ms)[0m  [1m[35mCREATE TABLE "locations" ("id" integer PRIMARY KEY AUTOINCREMENT NOT NULL, "address" varchar, "access_code" varchar, "location_instructions" varchar, "is_start_location" boolean, "created_at" datetime(6) NOT NULL, "updated_at" datetime(6) NOT NULL)[0m
  [1m[35m (1.8ms)[0m  [1m[35mDROP TABLE IF EXISTS "shifts"[0m
  [1m[35m (1.6ms)[0m  [1m[35mCREATE TABLE "shifts" ("id" integer PRIMARY KEY AUTOINCREMENT NOT NULL, "starts_at_time" datetime, "shift_instructions" varchar, "taken" boolean, "shift_type" varchar, "enum" varchar, "created_at" datetime(6) NOT NULL, "updated_at" datetime(6) NOT NULL)[0m
  [1m[35m (1.7ms)[0m  [1m[35mDROP TABLE IF EXISTS "volunteers"[0m
  [1m[35m (1.5ms)[0m  [1m[35mCREATE TABLE "volunteers" ("id" integer PRIMARY KEY AUTOINCREMENT NOT NULL, "first_name" varchar, "last_name" varchar, "phone_number" integer, "email_address" varchar, "password_digest" varchar, "is_admin" boolean, "created_at" datetime(6) NOT NULL, "updated_at" datetime(6) NOT NULL)[0m
  [1m[35m (0.1ms)[0m  [1m[34mSELECT "schema_migrations"."version" FROM "schema_migrations" ORDER BY "schema_migrations"."version" ASC[0m
  [1m[36mActiveRecord::InternalMetadata Load (0.1ms)[0m  [1m[34mSELECT "ar_internal_metadata".* FROM "ar_internal_metadata" WHERE "ar_internal_metadata"."key" = ? LIMIT ?[0m  [["key", "environment"], ["LIMIT", 1]]
  [1m[36mActiveRecord::InternalMetadata Load (0.1ms)[0m  [1m[34mSELECT "ar_internal_metadata".* FROM "ar_internal_metadata" WHERE "ar_internal_metadata"."key" = ? LIMIT ?[0m  [["key", "environment"], ["LIMIT", 1]]
  [1m[36mActiveRecord::InternalMetadata Load (0.1ms)[0m  [1m[34mSELECT "ar_internal_metadata".* FROM "ar_internal_metadata" WHERE "ar_internal_metadata"."key" = ? LIMIT ?[0m  [["key", "schema_sha1"], ["LIMIT", 1]]
  [1m[36mTRANSACTION (0.0ms)[0m  [1m[36mbegin transaction[0m
  [1m[36mActiveRecord::InternalMetadata Create (0.3ms)[0m  [1m[32mINSERT INTO "ar_internal_metadata" ("key", "value", "created_at", "updated_at") VALUES (?, ?, ?, ?)[0m  [["key", "schema_sha1"], ["value", "492f75ea78ffbc0db7fe812c77788c01eb1ae7e0"], ["created_at", "2021-09-06 17:30:52.137969"], ["updated_at", "2021-09-06 17:30:52.137969"]]
  [1m[36mTRANSACTION (2.6ms)[0m  [1m[36mcommit transaction[0m
  [1m[35m (0.0ms)[0m  [1m[34mSELECT sqlite_version(*)[0m
  [1m[35m (0.1ms)[0m  [1m[35mDROP TABLE IF EXISTS "locations"[0m
  [1m[35m (1.9ms)[0m  [1m[35mCREATE TABLE "locations" ("id" integer PRIMARY KEY AUTOINCREMENT NOT NULL, "address" varchar, "access_code" varchar, "location_instructions" varchar, "is_start_location" boolean, "created_at" datetime(6) NOT NULL, "updated_at" datetime(6) NOT NULL)[0m
  [1m[35m (0.1ms)[0m  [1m[35mDROP TABLE IF EXISTS "shifts"[0m
  [1m[35m (1.5ms)[0m  [1m[35mCREATE TABLE "shifts" ("id" integer PRIMARY KEY AUTOINCREMENT NOT NULL, "starts_at_time" datetime, "shift_instructions" varchar, "taken" boolean, "shift_type" varchar, "enum" varchar, "created_at" datetime(6) NOT NULL, "updated_at" datetime(6) NOT NULL)[0m
  [1m[35m (0.1ms)[0m  [1m[35mDROP TABLE IF EXISTS "volunteers"[0m
  [1m[35m (1.5ms)[0m  [1m[35mCREATE TABLE "volunteers" ("id" integer PRIMARY KEY AUTOINCREMENT NOT NULL, "first_name" varchar, "last_name" varchar, "phone_number" integer, "email_address" varchar, "password_digest" varchar, "is_admin" boolean, "created_at" datetime(6) NOT NULL, "updated_at" datetime(6) NOT NULL)[0m
  [1m[35m (1.7ms)[0m  [1m[35mCREATE TABLE "schema_migrations" ("version" varchar NOT NULL PRIMARY KEY)[0m
  [1m[35m (0.1ms)[0m  [1m[34mSELECT "schema_migrations"."version" FROM "schema_migrations" ORDER BY "schema_migrations"."version" ASC[0m
  [1m[35m (1.6ms)[0m  [1m[32mINSERT INTO "schema_migrations" (version) VALUES (20210906172140)[0m
  [1m[35m (1.4ms)[0m  [1m[35mCREATE TABLE "ar_internal_metadata" ("key" varchar NOT NULL PRIMARY KEY, "value" varchar, "created_at" datetime(6) NOT NULL, "updated_at" datetime(6) NOT NULL)[0m
  [1m[36mActiveRecord::InternalMetadata Load (0.1ms)[0m  [1m[34mSELECT "ar_internal_metadata".* FROM "ar_internal_metadata" WHERE "ar_internal_metadata"."key" = ? LIMIT ?[0m  [["key", "environment"], ["LIMIT", 1]]
  [1m[36mTRANSACTION (0.0ms)[0m  [1m[36mbegin transaction[0m
  [1m[36mActiveRecord::InternalMetadata Create (0.2ms)[0m  [1m[32mINSERT INTO "ar_internal_metadata" ("key", "value", "created_at", "updated_at") VALUES (?, ?, ?, ?)[0m  [["key", "environment"], ["value", "development"], ["created_at", "2021-09-06 17:30:52.164498"], ["updated_at", "2021-09-06 17:30:52.164498"]]
  [1m[36mTRANSACTION (1.4ms)[0m  [1m[36mcommit transaction[0m
  [1m[36mActiveRecord::InternalMetadata Load (0.1ms)[0m  [1m[34mSELECT "ar_internal_metadata".* FROM "ar_internal_metadata" WHERE "ar_internal_metadata"."key" = ? LIMIT ?[0m  [["key", "environment"], ["LIMIT", 1]]
  [1m[36mTRANSACTION (0.0ms)[0m  [1m[36mbegin transaction[0m
  [1m[36mActiveRecord::InternalMetadata Update (0.2ms)[0m  [1m[33mUPDATE "ar_internal_metadata" SET "value" = ?, "updated_at" = ? WHERE "ar_internal_metadata"."key" = ?[0m  [["value", "test"], ["updated_at", "2021-09-06 17:30:52.170176"], ["key", "environment"]]
  [1m[36mTRANSACTION (1.6ms)[0m  [1m[36mcommit transaction[0m
  [1m[36mActiveRecord::InternalMetadata Load (0.1ms)[0m  [1m[34mSELECT "ar_internal_metadata".* FROM "ar_internal_metadata" WHERE "ar_internal_metadata"."key" = ? LIMIT ?[0m  [["key", "schema_sha1"], ["LIMIT", 1]]
  [1m[36mTRANSACTION (0.0ms)[0m  [1m[36mbegin transaction[0m
  [1m[36mActiveRecord::InternalMetadata Create (0.2ms)[0m  [1m[32mINSERT INTO "ar_internal_metadata" ("key", "value", "created_at", "updated_at") VALUES (?, ?, ?, ?)[0m  [["key", "schema_sha1"], ["value", "492f75ea78ffbc0db7fe812c77788c01eb1ae7e0"], ["created_at", "2021-09-06 17:30:52.175983"], ["updated_at", "2021-09-06 17:30:52.175983"]]
  [1m[36mTRANSACTION (1.4ms)[0m  [1m[36mcommit transaction[0m
  [1m[35m (0.1ms)[0m  [1m[34mSELECT sqlite_version(*)[0m
  [1m[35m (0.1ms)[0m  [1m[34mSELECT "schema_migrations"."version" FROM "schema_migrations" ORDER BY "schema_migrations"."version" ASC[0m
  [1m[35m (0.6ms)[0m  [1m[34mSELECT sqlite_version(*)[0m
  [1m[35m (0.0ms)[0m  [1m[34mSELECT sqlite_version(*)[0m
  [1m[35m (0.1ms)[0m  [1m[34mSELECT sqlite_version(*)[0m
  [1m[35m (0.5ms)[0m  [1m[34mSELECT sqlite_version(*)[0m
  [1m[35m (2.5ms)[0m  [1m[35mCREATE TABLE "schema_migrations" ("version" varchar NOT NULL PRIMARY KEY)[0m
  [1m[35m (1.6ms)[0m  [1m[35mCREATE TABLE "ar_internal_metadata" ("key" varchar NOT NULL PRIMARY KEY, "value" varchar, "created_at" datetime(6) NOT NULL, "updated_at" datetime(6) NOT NULL)[0m
  [1m[35m (0.1ms)[0m  [1m[34mSELECT "schema_migrations"."version" FROM "schema_migrations" ORDER BY "schema_migrations"."version" ASC[0m
Migrating to InitMigrate (20210906172140)
  [1m[36mTRANSACTION (0.1ms)[0m  [1m[36mbegin transaction[0m
  [1m[35m (0.1ms)[0m  [1m[35mDROP TABLE IF EXISTS "absences"[0m
  [1m[35m (0.3ms)[0m  [1m[35mCREATE TABLE "absences" ("id" integer PRIMARY KEY AUTOINCREMENT NOT NULL, "volunteer_id" integer, "start_date" date, "stop_date" date, "active" boolean DEFAULT 1, "comments" text)[0m
  [1m[35m (0.0ms)[0m  [1m[35mDROP TABLE IF EXISTS "absences_logs"[0m
  [1m[35m (0.1ms)[0m  [1m[35mCREATE TABLE "absences_logs" ("id" integer PRIMARY KEY AUTOINCREMENT NOT NULL, "absence_id" integer, "log_id" integer)[0m
  [1m[35m (0.0ms)[0m  [1m[35mDROP TABLE IF EXISTS "assignments"[0m
  [1m[35m (0.1ms)[0m  [1m[35mCREATE TABLE "assignments" ("id" integer PRIMARY KEY AUTOINCREMENT NOT NULL, "volunteer_id" integer, "region_id" integer, "admin" boolean, "created_at" datetime NOT NULL, "updated_at" datetime NOT NULL)[0m
  [1m[35m (0.1ms)[0m  [1m[35mCREATE INDEX "index_assignments_on_region_id" ON "assignments" ("region_id")[0m
  [1m[35m (0.2ms)[0m  [1m[35mCREATE INDEX "index_assignments_on_volunteer_id" ON "assignments" ("volunteer_id")[0m
  [1m[35m (0.1ms)[0m  [1m[35mDROP TABLE IF EXISTS "cell_carriers"[0m
  [1m[35m (0.1ms)[0m  [1m[35mCREATE TABLE "cell_carriers" ("id" integer PRIMARY KEY AUTOINCREMENT NOT NULL, "name" varchar, "format" varchar)[0m
  [1m[35m (0.0ms)[0m  [1m[35mDROP TABLE IF EXISTS "food_types"[0m
  [1m[35m (0.1ms)[0m  [1m[35mCREATE TABLE "food_types" ("id" integer PRIMARY KEY AUTOINCREMENT NOT NULL, "name" varchar, "created_at" datetime NOT NULL, "updated_at" datetime NOT NULL, "region_id" integer, "active" boolean DEFAULT 1 NOT NULL)[0m
  [1m[35m (0.0ms)[0m  [1m[35mDROP TABLE IF EXISTS "locations"[0m
  [1m[35m (0.2ms)[0m  [1m[35mCREATE TABLE "locations" ("id" integer PRIMARY KEY AUTOINCREMENT NOT NULL, "recip_category" varchar, "donor_type" varchar, "address" text, "name" varchar, "lat" decimal, "lng" decimal, "contact" text, "website" varchar, "admin_notes" text, "public_notes" text, "hours" text, "created_at" datetime NOT NULL, "updated_at" datetime NOT NULL, "region_id" integer, "twitter_handle" varchar, "receipt_key" varchar, "detailed_hours_json" text, "email" text, "phone" text, "equipment_storage_info" text, "food_storage_info" text, "entry_info" text, "exit_info" text, "onsite_contact_info" text, "active" boolean DEFAULT 1 NOT NULL, "location_type" integer DEFAULT 0)[0m
  [1m[35m (0.0ms)[0m  [1m[35mDROP TABLE IF EXISTS "log_parts"[0m
  [1m[35m (0.1ms)[0m  [1m[35mCREATE TABLE "log_parts" ("id" integer PRIMARY KEY AUTOINCREMENT NOT NULL, "log_id" integer, "food_type_id" integer, "required" boolean, "weight" decimal, "created_at" datetime NOT NULL, "updated_at" datetime NOT NULL, "count" integer, "description" text)[0m
  [1m[35m (0.1ms)[0m  [1m[35mCREATE INDEX "index_log_parts_on_food_type_id" ON "log_parts" ("food_type_id")[0m
  [1m[35m (0.1ms)[0m  [1m[35mCREATE INDEX "index_log_parts_on_log_id" ON "log_parts" ("log_id")[0m
  [1m[35m (0.0ms)[0m  [1m[35mDROP TABLE IF EXISTS "log_recipients"[0m
  [1m[35m (0.1ms)[0m  [1m[35mCREATE TABLE "log_recipients" ("id" integer PRIMARY KEY AUTOINCREMENT NOT NULL, "log_id" integer, "recipient_id" integer)[0m
  [1m[35m (0.0ms)[0m  [1m[35mDROP TABLE IF EXISTS "log_volunteers"[0m
  [1m[35m (0.1ms)[0m  [1m[35mCREATE TABLE "log_volunteers" ("id" integer PRIMARY KEY AUTOINCREMENT NOT NULL, "log_id" integer, "volunteer_id" integer, "active" boolean DEFAULT 1, "created_at" datetime NOT NULL, "updated_at" datetime NOT NULL, "covering" boolean)[0m
  [1m[35m (0.1ms)[0m  [1m[35mCREATE INDEX "index_log_volunteers_on_log_id" ON "log_volunteers" ("log_id")[0m
  [1m[35m (0.1ms)[0m  [1m[35mCREATE INDEX "index_log_volunteers_on_volunteer_id" ON "log_volunteers" ("volunteer_id")[0m
  [1m[35m (0.0ms)[0m  [1m[35mDROP TABLE IF EXISTS "logs"[0m
  [1m[35m (0.1ms)[0m  [1m[35mCREATE TABLE "logs" ("id" integer PRIMARY KEY AUTOINCREMENT NOT NULL, "when" date, "notes" text, "num_reminders" integer, "flag_for_admin" boolean, "created_at" datetime NOT NULL, "updated_at" datetime NOT NULL, "donor_id" integer, "transport_type_id" integer, "region_id" integer, "complete" boolean DEFAULT 0, "scale_type_id" integer, "weight_unit" varchar, "schedule_chain_id" integer, "num_volunteers" integer, "why_zero" integer, "hours_spent" decimal)[0m
  [1m[35m (0.0ms)[0m  [1m[35mDROP TABLE IF EXISTS "regions"[0m
  [1m[35m (0.1ms)[0m  [1m[35mCREATE TABLE "regions" ("id" integer PRIMARY KEY AUTOINCREMENT NOT NULL, "lat" decimal, "lng" decimal, "name" varchar, "website" varchar, "address" text, "notes" text, "created_at" datetime NOT NULL, "updated_at" datetime NOT NULL, "handbook_url" varchar, "prior_lbs_rescued" integer, "prior_num_pickups" integer, "twitter_key" varchar, "twitter_secret" varchar, "twitter_token" varchar, "twitter_token_secret" varchar, "twitter_last_poundage" integer, "twitter_last_timestamp" datetime, "title" varchar, "tagline" varchar, "logo_file_name" varchar, "logo_content_type" varchar, "logo_file_size" integer, "logo_updated_at" datetime, "phone" varchar, "tax_id" varchar, "welcome_email_text" text, "splash_html" text, "weight_unit" varchar DEFAULT 'pound' NOT NULL, "time_zone" text, "volunteer_coordinator_email" varchar, "post_pickup_emails" boolean DEFAULT 0, "unschedule_self" boolean DEFAULT 0)[0m
  [1m[35m (0.0ms)[0m  [1m[35mDROP TABLE IF EXISTS "scale_types"[0m
  [1m[35m (0.1ms)[0m  [1m[35mCREATE TABLE "scale_types" ("id" integer PRIMARY KEY AUTOINCREMENT NOT NULL, "name" varchar, "weight_unit" varchar, "created_at" datetime NOT NULL, "updated_at" datetime NOT NULL, "region_id" integer, "active" boolean DEFAULT 1 NOT NULL)[0m
  [1m[35m (0.0ms)[0m  [1m[35mDROP TABLE IF EXISTS "schedule_chains"[0m
  [1m[35m (0.1ms)[0m  [1m[35mCREATE TABLE "schedule_chains" ("id" integer PRIMARY KEY AUTOINCREMENT NOT NULL, "detailed_start_time" time, "detailed_stop_time" time, "detailed_date" date, "transport_type_id" integer, "backup" boolean, "temporary" boolean, "irregular" boolean, "difficulty_rating" integer, "hilliness" integer, "scale_type_id" integer, "region_id" integer, "frequency" text, "day_of_week" integer, "expected_weight" integer, "public_notes" text, "admin_notes" text, "num_volunteers" integer DEFAULT 1 NOT NULL, "active" boolean DEFAULT 1 NOT NULL)[0m
  [1m[35m (0.0ms)[0m  [1m[35mDROP TABLE IF EXISTS "schedule_parts"[0m
  [1m[35m (0.2ms)[0m  [1m[35mCREATE TABLE "schedule_parts" ("id" integer PRIMARY KEY AUTOINCREMENT NOT NULL, "schedule_id" integer, "food_type_id" integer, "required" boolean, "created_at" datetime NOT NULL, "updated_at" datetime NOT NULL)[0m
  [1m[35m (0.1ms)[0m  [1m[35mCREATE INDEX "index_schedule_parts_on_food_type_id" ON "schedule_parts" ("food_type_id")[0m
  [1m[35m (0.1ms)[0m  [1m[35mCREATE INDEX "index_schedule_parts_on_schedule_id" ON "schedule_parts" ("schedule_id")[0m
  [1m[35m (0.0ms)[0m  [1m[35mDROP TABLE IF EXISTS "schedule_volunteers"[0m
  [1m[35m (0.2ms)[0m  [1m[35mCREATE TABLE "schedule_volunteers" ("id" integer PRIMARY KEY AUTOINCREMENT NOT NULL, "volunteer_id" integer, "active" boolean DEFAULT 1, "created_at" datetime NOT NULL, "updated_at" datetime NOT NULL, "schedule_chain_id" integer)[0m
  [1m[35m (0.1ms)[0m  [1m[35mCREATE INDEX "index_schedule_volunteers_on_volunteer_id" ON "schedule_volunteers" ("volunteer_id")[0m
  [1m[35m (0.0ms)[0m  [1m[35mDROP TABLE IF EXISTS "schedules"[0m
  [1m[35m (0.1ms)[0m  [1m[35mCREATE TABLE "schedules" ("id" integer PRIMARY KEY AUTOINCREMENT NOT NULL, "created_at" datetime NOT NULL, "updated_at" datetime NOT NULL, "schedule_chain_id" integer, "location_id" integer, "position" integer)[0m
  [1m[35m (0.0ms)[0m  [1m[35mDROP TABLE IF EXISTS "transport_types"[0m
  [1m[35m (0.1ms)[0m  [1m[35mCREATE TABLE "transport_types" ("id" integer PRIMARY KEY AUTOINCREMENT NOT NULL, "name" varchar, "created_at" datetime NOT NULL, "updated_at" datetime NOT NULL, "active" boolean DEFAULT 1 NOT NULL)[0m
  [1m[35m (0.0ms)[0m  [1m[35mDROP TABLE IF EXISTS "volunteers"[0m
  [1m[35m (0.2ms)[0m  [1m[35mCREATE TABLE "volunteers" ("id" integer PRIMARY KEY AUTOINCREMENT NOT NULL, "email" varchar, "name" varchar, "phone" varchar, "preferred_contact" varchar, "has_car" boolean, "admin_notes" text, "pickup_prefs" text, "is_disabled" boolean, "on_email_list" boolean, "created_at" datetime NOT NULL, "updated_at" datetime NOT NULL, "encrypted_password" varchar DEFAULT '' NOT NULL, "reset_password_token" varchar, "reset_password_sent_at" datetime, "remember_created_at" datetime, "sign_in_count" integer DEFAULT 0, "current_sign_in_at" datetime, "last_sign_in_at" datetime, "current_sign_in_ip" varchar, "last_sign_in_ip" varchar, "admin" boolean DEFAULT 0, "transport_type_id" integer, "cell_carrier_id" integer, "sms_too" boolean DEFAULT 0, "pre_reminders_too" boolean DEFAULT 0, "photo_file_name" varchar, "photo_content_type" varchar, "photo_file_size" integer, "photo_updated_at" datetime, "get_sncs_email" boolean DEFAULT 0 NOT NULL, "waiver_signed" boolean DEFAULT 0 NOT NULL, "waiver_signed_at" datetime, "assigned" boolean DEFAULT 0 NOT NULL, "requested_region_id" integer, "authentication_token" varchar, "active" boolean DEFAULT 1 NOT NULL)[0m
  [1m[35m (0.1ms)[0m  [1m[35mCREATE UNIQUE INDEX "index_volunteers_on_email" ON "volunteers" ("email")[0m
  [1m[35m (0.1ms)[0m  [1m[35mCREATE UNIQUE INDEX "index_volunteers_on_reset_password_token" ON "volunteers" ("reset_password_token")[0m
  [1m[36mActiveRecord::SchemaMigration Create (0.2ms)[0m  [1m[32mINSERT INTO "schema_migrations" ("version") VALUES (?)[0m  [["version", "20210906172140"]]
  [1m[36mTRANSACTION (2.6ms)[0m  [1m[36mcommit transaction[0m
  [1m[36mActiveRecord::InternalMetadata Load (0.1ms)[0m  [1m[34mSELECT "ar_internal_metadata".* FROM "ar_internal_metadata" WHERE "ar_internal_metadata"."key" = ? LIMIT ?[0m  [["key", "environment"], ["LIMIT", 1]]
  [1m[36mTRANSACTION (0.0ms)[0m  [1m[36mbegin transaction[0m
  [1m[36mActiveRecord::InternalMetadata Create (0.3ms)[0m  [1m[32mINSERT INTO "ar_internal_metadata" ("key", "value", "created_at", "updated_at") VALUES (?, ?, ?, ?)[0m  [["key", "environment"], ["value", "development"], ["created_at", "2021-09-06 17:31:51.079066"], ["updated_at", "2021-09-06 17:31:51.079066"]]
  [1m[36mTRANSACTION (1.8ms)[0m  [1m[36mcommit transaction[0m
  [1m[35m (0.1ms)[0m  [1m[34mSELECT sqlite_version(*)[0m
  [1m[35m (0.1ms)[0m  [1m[34mSELECT "schema_migrations"."version" FROM "schema_migrations" ORDER BY "schema_migrations"."version" ASC[0m
  [1m[35m (0.5ms)[0m  [1m[34mSELECT sqlite_version(*)[0m
  [1m[35m (0.2ms)[0m  [1m[34mSELECT "schema_migrations"."version" FROM "schema_migrations" ORDER BY "schema_migrations"."version" ASC[0m
  [1m[35m (0.6ms)[0m  [1m[34mSELECT sqlite_version(*)[0m
  [1m[35m (0.1ms)[0m  [1m[34mSELECT "schema_migrations"."version" FROM "schema_migrations" ORDER BY "schema_migrations"."version" ASC[0m
  [1m[36mActiveRecord::InternalMetadata Load (0.1ms)[0m  [1m[34mSELECT "ar_internal_metadata".* FROM "ar_internal_metadata" WHERE "ar_internal_metadata"."key" = ? LIMIT ?[0m  [["key", "environment"], ["LIMIT", 1]]
  [1m[35m (0.0ms)[0m  [1m[34mSELECT sqlite_version(*)[0m
  [1m[35m (0.1ms)[0m  [1m[34mSELECT "schema_migrations"."version" FROM "schema_migrations" ORDER BY "schema_migrations"."version" ASC[0m
